-------------------------------------------------------------------------------
Test set: edu.cmu.sv.sdsp.api.APIUnitTest
-------------------------------------------------------------------------------
Tests run: 10, Failures: 0, Errors: 1, Skipped: 0, Time elapsed: 115.162 sec <<< FAILURE!
testSensorReadingsTimeRange(edu.cmu.sv.sdsp.api.APIUnitTest)  Time elapsed: 60.018 sec  <<< ERROR!
java.lang.Exception: test timed out after 60000 milliseconds
	at java.net.SocketInputStream.socketRead0(Native Method)
	at java.net.SocketInputStream.read(SocketInputStream.java:150)
	at java.net.SocketInputStream.read(SocketInputStream.java:121)
	at java.io.BufferedInputStream.fill(BufferedInputStream.java:235)
	at java.io.BufferedInputStream.read1(BufferedInputStream.java:275)
	at java.io.BufferedInputStream.read(BufferedInputStream.java:334)
	at sun.net.www.http.HttpClient.parseHTTPHeader(HttpClient.java:633)
	at sun.net.www.http.HttpClient.parseHTTP(HttpClient.java:579)
	at sun.net.www.protocol.http.HttpURLConnection.getInputStream(HttpURLConnection.java:1322)
	at java.net.HttpURLConnection.getResponseCode(HttpURLConnection.java:468)
	at edu.cmu.sv.sdsp.util.HttpHelper.validateConnectionStatus(HttpHelper.java:148)
	at edu.cmu.sv.sdsp.util.HttpHelper.httpGet(HttpHelper.java:46)
	at edu.cmu.sv.sdsp.util.APIHelper.invokeHttpGet(APIHelper.java:156)
	at edu.cmu.sv.sdsp.util.APIHelper.processGetSensorReadingsTimeRange(APIHelper.java:137)
	at edu.cmu.sv.sdsp.api.APIUnitTest.testSensorReadingsTimeRange(APIUnitTest.java:184)
	at sun.reflect.NativeMethodAccessorImpl.invoke0(Native Method)
	at sun.reflect.NativeMethodAccessorImpl.invoke(NativeMethodAccessorImpl.java:57)
	at sun.reflect.DelegatingMethodAccessorImpl.invoke(DelegatingMethodAccessorImpl.java:43)
	at java.lang.reflect.Method.invoke(Method.java:606)
	at org.junit.runners.model.FrameworkMethod$1.runReflectiveCall(FrameworkMethod.java:47)
	at org.junit.internal.runners.model.ReflectiveCallable.run(ReflectiveCallable.java:12)
	at org.junit.runners.model.FrameworkMethod.invokeExplosively(FrameworkMethod.java:44)
	at org.junit.internal.runners.statements.InvokeMethod.evaluate(InvokeMethod.java:17)
	at org.junit.internal.runners.statements.RunBefores.evaluate(RunBefores.java:26)
	at org.junit.internal.runners.statements.RunAfters.evaluate(RunAfters.java:27)
	at org.junit.internal.runners.statements.FailOnTimeout$StatementThread.run(FailOnTimeout.java:74)
