<?xml version="1.0" encoding="UTF-8" ?>
<testsuite failures="0" time="115.161" errors="1" skipped="0" tests="10" name="edu.cmu.sv.sdsp.api.APIUnitTest">
  <properties>
[...]
</properties>
  <testcase time="0.069" classname="edu.cmu.sv.sdsp.api.APIUnitTest" name="testGetDevicesCSV"/>
  <testcase time="0.039" classname="edu.cmu.sv.sdsp.api.APIUnitTest" name="testAddDeviceType"/>
  <testcase time="0.045" classname="edu.cmu.sv.sdsp.api.APIUnitTest" name="testAddSensorType"/>
  <testcase time="60.018" classname="edu.cmu.sv.sdsp.api.APIUnitTest" name="testSensorReadingsTimeRange">
    <error message="test timed out after 60000 milliseconds" type="java.lang.Exception">java.lang.Exception: test timed out after 60000 milliseconds
	at java.net.SocketInputStream.socketRead0(Native Method)
	at java.net.SocketInputStream.read(SocketInputStream.java:150)
	at java.net.SocketInputStream.read(SocketInputStream.java:121)
	at java.io.BufferedInputStream.fill(BufferedInputStream.java:235)
	at java.io.BufferedInputStream.read1(BufferedInputStream.java:275)
	at java.io.BufferedInputStream.read(BufferedInputStream.java:334)
	at sun.net.www.http.HttpClient.parseHTTPHeader(HttpClient.java:633)
	at sun.net.www.http.HttpClient.parseHTTP(HttpClient.java:579)
	at sun.net.www.protocol.http.HttpURLConnection.getInputStream(HttpURLConnection.java:1322)
	at java.net.HttpURLConnection.getResponseCode(HttpURLConnection.java:468)
	at edu.cmu.sv.sdsp.util.HttpHelper.validateConnectionStatus(HttpHelper.java:148)
	at edu.cmu.sv.sdsp.util.HttpHelper.httpGet(HttpHelper.java:46)
	at edu.cmu.sv.sdsp.util.APIHelper.invokeHttpGet(APIHelper.java:156)
	at edu.cmu.sv.sdsp.util.APIHelper.processGetSensorReadingsTimeRange(APIHelper.java:137)
	at edu.cmu.sv.sdsp.api.APIUnitTest.testSensorReadingsTimeRange(APIUnitTest.java:184)
	at sun.reflect.NativeMethodAccessorImpl.invoke0(Native Method)
	at sun.reflect.NativeMethodAccessorImpl.invoke(NativeMethodAccessorImpl.java:57)
	at sun.reflect.DelegatingMethodAccessorImpl.invoke(DelegatingMethodAccessorImpl.java:43)
	at java.lang.reflect.Method.invoke(Method.java:606)
	at org.junit.runners.model.FrameworkMethod$1.runReflectiveCall(FrameworkMethod.java:47)
	at org.junit.internal.runners.model.ReflectiveCallable.run(ReflectiveCallable.java:12)
	at org.junit.runners.model.FrameworkMethod.invokeExplosively(FrameworkMethod.java:44)
	at org.junit.internal.runners.statements.InvokeMethod.evaluate(InvokeMethod.java:17)
	at org.junit.internal.runners.statements.RunBefores.evaluate(RunBefores.java:26)
	at org.junit.internal.runners.statements.RunAfters.evaluate(RunAfters.java:27)
	at org.junit.internal.runners.statements.FailOnTimeout$StatementThread.run(FailOnTimeout.java:74)
</error>
    <system-out>[DEBUG] ====================================================
[DEBUG] Test case started at :: 1385350412188
[TRACE] Invoking a GET request for URL: http://einstein.sv.cmu.edu/sensors/10170102/05-04-2013T12:00:00/05-05-2013T12:00:00/acc_x/json?dateformat=ISO8601
[TRACE] Inside openConnection() method
[TRACE] Inside validateConnectionStatus() method
</system-out>
  </testcase>
  <testcase time="0.202" classname="edu.cmu.sv.sdsp.api.APIUnitTest" name="testGetSensorTypesCSV"/>
  <testcase time="0.15" classname="edu.cmu.sv.sdsp.api.APIUnitTest" name="testAddDevice"/>
  <testcase time="0.323" classname="edu.cmu.sv.sdsp.api.APIUnitTest" name="testAddSensor"/>
  <testcase time="53.904" classname="edu.cmu.sv.sdsp.api.APIUnitTest" name="testSpecificSensorReadings"/>
  <testcase time="0.107" classname="edu.cmu.sv.sdsp.api.APIUnitTest" name="testGetDevicesJson"/>
  <testcase time="0.302" classname="edu.cmu.sv.sdsp.api.APIUnitTest" name="testPublishSensorReadings"/>
</testsuite>